\BOOKMARK [0][-]{chapter.1}{Introduction}{}% 1
\BOOKMARK [1][-]{section.1.1}{Voici l'Objectif Morse}{chapter.1}% 2
\BOOKMARK [1][-]{section.1.2}{Project phases}{chapter.1}% 3
\BOOKMARK [1][-]{section.1.3}{Equipment used}{chapter.1}% 4
\BOOKMARK [0][-]{chapter.2}{Broadcasting}{}% 5
\BOOKMARK [1][-]{section.2.1}{Code description}{chapter.2}% 6
\BOOKMARK [2][-]{subsection.2.1.1}{Class morse}{section.2.1}% 7
\BOOKMARK [2][-]{subsection.2.1.2}{Functions}{section.2.1}% 8
\BOOKMARK [2][-]{subsection.2.1.3}{Sending output to the parallel port}{section.2.1}% 9
\BOOKMARK [2][-]{subsection.2.1.4}{Main}{section.2.1}% 10
\BOOKMARK [2][-]{subsection.2.1.5}{Makefile}{section.2.1}% 11
\BOOKMARK [1][-]{section.2.2}{How does it work}{chapter.2}% 12
\BOOKMARK [2][-]{subsection.2.2.1}{Parallel port}{section.2.2}% 13
\BOOKMARK [2][-]{subsection.2.2.2}{ASCII to Morse}{section.2.2}% 14
\BOOKMARK [0][-]{chapter.3}{Receiving}{}% 15
\BOOKMARK [1][-]{section.3.1}{Code description}{chapter.3}% 16
\BOOKMARK [1][-]{section.3.2}{How does it work}{chapter.3}% 17
\BOOKMARK [0][-]{chapter.4}{Remarks}{}% 18
\BOOKMARK [0][-]{appendix.A}{Broadcasting}{}% 19
\BOOKMARK [1][-]{section.A.1}{morse.h}{appendix.A}% 20
\BOOKMARK [1][-]{section.A.2}{morse.cpp}{appendix.A}% 21
\BOOKMARK [1][-]{section.A.3}{main.cpp}{appendix.A}% 22
\BOOKMARK [1][-]{section.A.4}{sendToPort.h}{appendix.A}% 23
\BOOKMARK [1][-]{section.A.5}{sendToPort.cpp}{appendix.A}% 24
\BOOKMARK [0][-]{appendix.B}{Receiving}{}% 25
