\BOOKMARK [0][-]{chapter.1}{Introduction}{}% 1
\BOOKMARK [1][-]{section.1.1}{Voici l'Objectif Morse}{chapter.1}% 2
\BOOKMARK [2][-]{subsection.1.1.1}{Choice for the project name}{section.1.1}% 3
\BOOKMARK [1][-]{section.1.2}{Preparation}{chapter.1}% 4
\BOOKMARK [2][-]{subsection.1.2.1}{Project phases}{section.1.2}% 5
\BOOKMARK [2][-]{subsection.1.2.2}{Equipment used}{section.1.2}% 6
\BOOKMARK [2][-]{subsection.1.2.3}{Code used}{section.1.2}% 7
\BOOKMARK [1][-]{section.1.3}{Morse alphabet}{chapter.1}% 8
\BOOKMARK [1][-]{section.1.4}{Legal note}{chapter.1}% 9
\BOOKMARK [0][-]{chapter.2}{Broadcasting}{}% 10
\BOOKMARK [1][-]{section.2.1}{Code description}{chapter.2}% 11
\BOOKMARK [2][-]{subsection.2.1.1}{Class morse}{section.2.1}% 12
\BOOKMARK [2][-]{subsection.2.1.2}{Functions and variables}{section.2.1}% 13
\BOOKMARK [2][-]{subsection.2.1.3}{Main}{section.2.1}% 14
\BOOKMARK [2][-]{subsection.2.1.4}{Fire it up with makefile}{section.2.1}% 15
\BOOKMARK [2][-]{subsection.2.1.5}{Test run}{section.2.1}% 16
\BOOKMARK [1][-]{section.2.2}{How does it work}{chapter.2}% 17
\BOOKMARK [2][-]{subsection.2.2.1}{Parallel port connection}{section.2.2}% 18
\BOOKMARK [2][-]{subsection.2.2.2}{Alphanumeric to Morse}{section.2.2}% 19
\BOOKMARK [2][-]{subsection.2.2.3}{Morse to alphanumeric}{section.2.2}% 20
\BOOKMARK [2][-]{subsection.2.2.4}{Sending the output to the parallel port}{section.2.2}% 21
\BOOKMARK [0][-]{chapter.3}{Receiving}{}% 22
\BOOKMARK [1][-]{section.3.1}{Code description}{chapter.3}% 23
\BOOKMARK [2][-]{subsection.3.1.1}{Class arduino}{section.3.1}% 24
\BOOKMARK [2][-]{subsection.3.1.2}{Functions and variables}{section.3.1}% 25
\BOOKMARK [2][-]{subsection.3.1.3}{Main}{section.3.1}% 26
\BOOKMARK [2][-]{subsection.3.1.4}{Fire it up with makefile}{section.3.1}% 27
\BOOKMARK [2][-]{subsection.3.1.5}{Test run}{section.3.1}% 28
\BOOKMARK [1][-]{section.3.2}{How does it work}{chapter.3}% 29
\BOOKMARK [2][-]{subsection.3.2.1}{Arduino connection}{section.3.2}% 30
\BOOKMARK [2][-]{subsection.3.2.2}{Arduino code}{section.3.2}% 31
\BOOKMARK [2][-]{subsection.3.2.3}{Interpreting the Arduino output}{section.3.2}% 32
\BOOKMARK [0][-]{chapter.4}{Putting it all together}{}% 33
\BOOKMARK [0][-]{chapter.5}{Post-credit scenes}{}% 34
\BOOKMARK [1][-]{section.5.1}{It doesn't end here}{chapter.5}% 35
\BOOKMARK [1][-]{section.5.2}{Want to do more?}{chapter.5}% 36
